<?xml version="1.0" encoding="UTF-8"?>
<!-- Generated by org.testng.reporters.JUnitReportReporter -->
<testsuite hostname="GMANEESH-LP" failures="0" tests="4" name="api.test.UserTests" time="18.104" errors="0" timestamp="2023-06-14T13:47:58 IST" skipped="0">
  <testcase classname="api.test.UserTests" name="testPostUser" time="13.988"/>
  <system-out/>
  <testcase classname="api.test.UserTests" name="testGetUserByName" time="1.318"/>
  <system-out/>
  <testcase classname="api.test.UserTests" name="testUpdateUserByName" time="1.466"/>
  <system-out/>
  <testcase classname="api.test.UserTests" name="testDeleteUserByName" time="1.332"/>
  <system-out/>
</testsuite> <!-- api.test.UserTests -->
