<?xml version="1.0" encoding="UTF-8"?>
<!-- Generated by org.testng.reporters.JUnitReportReporter -->
<testsuite hostname="GMANEESH-LP" failures="0" tests="6" name="api.test.DDTests" time="15.753" errors="0" timestamp="2023-06-14T13:10:32 IST" skipped="0">
  <testcase classname="api.test.DDTests" name="testpostuser" time="1.381"/>
  <system-out/>
  <testcase classname="api.test.DDTests" name="testpostuser" time="1.329"/>
  <system-out/>
  <testcase classname="api.test.DDTests" name="testpostuser" time="8.996"/>
  <system-out/>
  <testcase classname="api.test.DDTests" name="testDeleteUser" time="1.301"/>
  <system-out/>
  <testcase classname="api.test.DDTests" name="testDeleteUser" time="1.423"/>
  <system-out/>
  <testcase classname="api.test.DDTests" name="testDeleteUser" time="1.323"/>
  <system-out/>
</testsuite> <!-- api.test.DDTests -->
