<?xml version="1.0" encoding="UTF-8"?>
<!-- Generated by org.testng.reporters.JUnitReportReporter -->
<testsuite hostname="GMANEESH-LP" failures="0" tests="4" name="api.test.UserTests2" time="9.363" errors="0" timestamp="2023-06-15T11:10:05 IST" skipped="0">
  <testcase classname="api.test.UserTests2" name="testPostUser" time="5.208"/>
  <system-out/>
  <testcase classname="api.test.UserTests2" name="testGetUserByName" time="1.403"/>
  <system-out/>
  <testcase classname="api.test.UserTests2" name="testUpdateUserByName" time="1.351"/>
  <system-out/>
  <testcase classname="api.test.UserTests2" name="testDeleteUserByName" time="1.401"/>
  <system-out/>
</testsuite> <!-- api.test.UserTests2 -->
