<?xml version="1.0" encoding="UTF-8"?>
<!-- Generated by org.testng.reporters.JUnitReportReporter -->
<testsuite hostname="TyS-PC" failures="0" tests="4" name="api.test.UserTests2" time="11.173" errors="0" timestamp="2023-06-17T18:44:47 IST" skipped="0">
  <testcase classname="api.test.UserTests2" name="testPostUser" time="7.409"/>
  <system-out/>
  <testcase classname="api.test.UserTests2" name="testGetUserByName" time="1.392"/>
  <system-out/>
  <testcase classname="api.test.UserTests2" name="testUpdateUserByName" time="1.207"/>
  <system-out/>
  <testcase classname="api.test.UserTests2" name="testDeleteUserByName" time="1.165"/>
  <system-out/>
</testsuite> <!-- api.test.UserTests2 -->
