<?xml version="1.0" encoding="UTF-8"?>
<!-- Generated by org.testng.reporters.JUnitReportReporter -->
<testsuite hostname="GMANEESH-LP" failures="0" tests="4" name="api.test.UserTests2" time="9.679" errors="0" timestamp="2023-06-15T11:34:24 IST" skipped="0">
  <testcase classname="api.test.UserTests2" name="testPostUser" time="4.947"/>
  <system-out/>
  <testcase classname="api.test.UserTests2" name="testGetUserByName" time="1.600"/>
  <system-out/>
  <testcase classname="api.test.UserTests2" name="testUpdateUserByName" time="1.497"/>
  <system-out/>
  <testcase classname="api.test.UserTests2" name="testDeleteUserByName" time="1.635"/>
  <system-out/>
</testsuite> <!-- api.test.UserTests2 -->
