<?xml version="1.0" encoding="UTF-8"?>
<!-- Generated by org.testng.reporters.JUnitReportReporter -->
<testsuite hostname="TyS-PC" failures="0" tests="4" name="api.test.UserTests2" time="9.313" errors="0" timestamp="2023-06-17T19:34:42 IST" skipped="0">
  <testcase classname="api.test.UserTests2" name="testPostUser" time="4.412"/>
  <system-out/>
  <testcase classname="api.test.UserTests2" name="testGetUserByName" time="2.305"/>
  <system-out/>
  <testcase classname="api.test.UserTests2" name="testUpdateUserByName" time="1.108"/>
  <system-out/>
  <testcase classname="api.test.UserTests2" name="testDeleteUserByName" time="1.488"/>
  <system-out/>
</testsuite> <!-- api.test.UserTests2 -->
